Microsoft Windows [版本 10.0.17763.615]
(c) 2018 Microsoft Corporation。保留所有权利。

E:\>java -jar app-pipiriji-SNAPSHOT.jar

  .   ____          _            __ _ _
 /\\ / ___'_ __ _ _(_)_ __  __ _ \ \ \ \
( ( )\___ | '_ | '_| | '_ \/ _` | \ \ \ \
 \\/  ___)| |_)| | | | | || (_| |  ) ) ) )
  '  |____| .__|_| |_|_| |_\__, | / / / /
 =========|_|==============|___/=/_/_/_/
 :: Spring Boot ::        (v2.3.4.RELEASE)

2020-12-19 01:24:20.323  INFO 77840 --- [           main] c.awesome.diary.app.AppDiaryApplication  : Starting AppDiaryApplication v0.0.1-SNAPSHOT on iZbp1fw9ygyj85d with PID 77840 (E:\app-pipiriji-SNAPSHOT.jar started by Administrator in E:\)
2020-12-19 01:24:20.339 DEBUG 77840 --- [           main] c.awesome.diary.app.AppDiaryApplication  : Running with Spring Boot v2.3.4.RELEASE, Spring v5.2.9.RELEASE
2020-12-19 01:24:20.339  INFO 77840 --- [           main] c.awesome.diary.app.AppDiaryApplication  : No active profile set, falling back to default profiles: default
2020-12-19 01:24:30.245  INFO 77840 --- [           main] .s.d.r.c.RepositoryConfigurationDelegate : Multiple Spring Data modules found, entering strict repository configuration mode!
2020-12-19 01:24:30.245  INFO 77840 --- [           main] .s.d.r.c.RepositoryConfigurationDelegate : Bootstrapping Spring Data Redis repositories in DEFAULT mode.
2020-12-19 01:24:30.386  INFO 77840 --- [           main] .s.d.r.c.RepositoryConfigurationDelegate : Finished Spring Data repository scanning in 113ms. Found 0 Redis repository interfaces.
2020-12-19 01:24:30.901  WARN 77840 --- [           main] o.m.s.mapper.ClassPathMapperScanner      : Skipping MapperFactoryBean with name 'mkCommonMapper' and 'com.github.xujiaji.mk.common.mapper.MkCommonMapper' mapperInterface. Bean already defined with the same name!
2020-12-19 01:24:30.901  WARN 77840 --- [           main] o.m.s.mapper.ClassPathMapperScanner      : Skipping MapperFactoryBean with name 'mkFileMapper' and 'com.github.xujiaji.mk.file.mapper.MkFileMapper' mapperInterface. Bean already defined with the same name!
2020-12-19 01:24:30.964  WARN 77840 --- [           main] o.m.s.mapper.ClassPathMapperScanner      : Skipping MapperFactoryBean with name 'mkUserIdNumberMapper' and 'com.github.xujiaji.mk.user.mapper.MkUserIdNumberMapper' mapperInterface. Bean already defined with the same name!
2020-12-19 01:24:30.964  WARN 77840 --- [           main] o.m.s.mapper.ClassPathMapperScanner      : Skipping MapperFactoryBean with name 'mkUserLoginLogMapper' and 'com.github.xujiaji.mk.user.mapper.MkUserLoginLogMapper' mapperInterface. Bean already defined with the same name!
2020-12-19 01:24:30.964  WARN 77840 --- [           main] o.m.s.mapper.ClassPathMapperScanner      : Skipping MapperFactoryBean with name 'mkAppVersionMapper' and 'com.github.xujiaji.mk.user.mapper.MkAppVersionMapper' mapperInterface. Bean already defined with the same name!
2020-12-19 01:24:30.980  WARN 77840 --- [           main] o.m.s.mapper.ClassPathMapperScanner      : Skipping MapperFactoryBean with name 'mkUserMapper' and 'com.github.xujiaji.mk.user.mapper.MkUserMapper' mapperInterface. Bean already defined with the same name!
2020-12-19 01:24:30.980  WARN 77840 --- [           main] o.m.s.mapper.ClassPathMapperScanner      : Skipping MapperFactoryBean with name 'mkSecRoleMapper' and 'com.github.xujiaji.mk.security.mapper.MkSecRoleMapper' mapperInterface. Bean already defined with the same name!
2020-12-19 01:24:30.980  WARN 77840 --- [           main] o.m.s.mapper.ClassPathMapperScanner      : Skipping MapperFactoryBean with name 'mkSecPermissionMapper' and 'com.github.xujiaji.mk.security.mapper.MkSecPermissionMapper' mapperInterface. Bean already defined with the same name!
2020-12-19 01:24:30.980  WARN 77840 --- [           main] o.m.s.mapper.ClassPathMapperScanner      : Skipping MapperFactoryBean with name 'mkSecUserMapper' and 'com.github.xujiaji.mk.security.mapper.MkSecUserMapper' mapperInterface. Bean already defined with the same name!
2020-12-19 01:24:30.980  WARN 77840 --- [           main] o.m.s.mapper.ClassPathMapperScanner      : Skipping MapperFactoryBean with name 'mkSecUserRoleMapper' and 'com.github.xujiaji.mk.security.mapper.MkSecUserRoleMapper' mapperInterface. Bean already defined with the same name!
2020-12-19 01:24:30.980  WARN 77840 --- [           main] o.m.s.mapper.ClassPathMapperScanner      : Skipping MapperFactoryBean with name 'mkSecRolePermissionMapper' and 'com.github.xujiaji.mk.security.mapper.MkSecRolePermissionMapper' mapperInterface. Bean already defined with the same name!
2020-12-19 01:24:30.980  WARN 77840 --- [           main] o.m.s.mapper.ClassPathMapperScanner      : Skipping MapperFactoryBean with name 'mkCommunityFollowMapper' and 'com.github.xujiaji.mk.community.mapper.MkCommunityFollowMapper' mapperInterface. Bean already defined with the same name!
2020-12-19 01:24:30.980  WARN 77840 --- [           main] o.m.s.mapper.ClassPathMapperScanner      : Skipping MapperFactoryBean with name 'mkCommunityArticleFileMapper' and 'com.github.xujiaji.mk.community.mapper.MkCommunityArticleFileMapper' mapperInterface. Bean already defined with the same name!
2020-12-19 01:24:30.980  WARN 77840 --- [           main] o.m.s.mapper.ClassPathMapperScanner      : Skipping MapperFactoryBean with name 'mkCommunityPraiseMapper' and 'com.github.xujiaji.mk.community.mapper.MkCommunityPraiseMapper' mapperInterface. Bean already defined with the same name!
2020-12-19 01:24:30.980  WARN 77840 --- [           main] o.m.s.mapper.ClassPathMapperScanner      : Skipping MapperFactoryBean with name 'mkCommunityArticleMapper' and 'com.github.xujiaji.mk.community.mapper.MkCommunityArticleMapper' mapperInterface. Bean already defined with the same name!
2020-12-19 01:24:30.980  WARN 77840 --- [           main] o.m.s.mapper.ClassPathMapperScanner      : Skipping MapperFactoryBean with name 'mkCommunityNoticeMapper' and 'com.github.xujiaji.mk.community.mapper.MkCommunityNoticeMapper' mapperInterface. Bean already defined with the same name!
2020-12-19 01:24:30.980  WARN 77840 --- [           main] o.m.s.mapper.ClassPathMapperScanner      : Skipping MapperFactoryBean with name 'mkCommunityCommentMapper' and 'com.github.xujiaji.mk.community.mapper.MkCommunityCommentMapper' mapperInterface. Bean already defined with the same name!
2020-12-19 01:24:30.995  WARN 77840 --- [           main] o.m.s.mapper.ClassPathMapperScanner      : Skipping MapperFactoryBean with name 'mkCommunityCategoryMapper' and 'com.github.xujiaji.mk.community.mapper.MkCommunityCategoryMapper' mapperInterface. Bean already defined with the same name!
2020-12-19 01:24:30.995  WARN 77840 --- [           main] o.m.s.mapper.ClassPathMapperScanner      : Skipping MapperFactoryBean with name 'mkCommunityCollectMapper' and 'com.github.xujiaji.mk.community.mapper.MkCommunityCollectMapper' mapperInterface. Bean already defined with the same name!
2020-12-19 01:24:30.995  WARN 77840 --- [           main] o.m.s.mapper.ClassPathMapperScanner      : Skipping MapperFactoryBean with name 'mkCommunityTopicMapper' and 'com.github.xujiaji.mk.community.mapper.MkCommunityTopicMapper' mapperInterface. Bean already defined with the same name!
2020-12-19 01:24:30.995  WARN 77840 --- [           main] o.m.s.mapper.ClassPathMapperScanner      : Skipping MapperFactoryBean with name 'mkLogMapper' and 'com.github.xujiaji.mk.log.mapper.MkLogMapper' mapperInterface. Bean already defined with the same name!
2020-12-19 01:24:30.995  WARN 77840 --- [           main] o.m.s.mapper.ClassPathMapperScanner      : Skipping MapperFactoryBean with name 'mkSmsMapper' and 'com.github.xujiaji.mk.sms.mapper.MkSmsMapper' mapperInterface. Bean already defined with the same name!
2020-12-19 01:24:30.995  WARN 77840 --- [           main] o.m.s.mapper.ClassPathMapperScanner      : No MyBatis mapper was found in '[com.github.xujiaji.mk.*.mapper]' package. Please check your configuration.
2020-12-19 01:24:32.730  INFO 77840 --- [           main] o.s.b.w.embedded.tomcat.TomcatWebServer  : Tomcat initialized with port(s): 18111 (http)
2020-12-19 01:24:32.761  INFO 77840 --- [           main] o.apache.catalina.core.StandardService   : Starting service [Tomcat]
2020-12-19 01:24:32.761  INFO 77840 --- [           main] org.apache.catalina.core.StandardEngine  : Starting Servlet engine: [Apache Tomcat/9.0.38]
2020-12-19 01:24:32.933  INFO 77840 --- [           main] o.a.c.c.C.[Tomcat].[localhost].[/]       : Initializing Spring embedded WebApplicationContext
2020-12-19 01:24:32.933  INFO 77840 --- [           main] w.s.c.ServletWebServerApplicationContext : Root WebApplicationContext: initialization completed in 12360 ms
 _ _   |_  _ _|_. ___ _ |    _
| | |\/|_)(_| | |_\  |_)||_|_\
     /               |
                        3.4.0
2020-12-19 01:24:36.995 DEBUG 77840 --- [           main] c.g.x.m.s.c.JwtAuthenticationFilter      : Filter 'jwtAuthenticationFilter' configured for use
2020-12-19 01:24:37.183  WARN 77840 --- [           main] c.b.m.core.toolkit.ReflectionKit         : Warn: AppDiaryArticleService's superclass not ParameterizedType
2020-12-19 01:24:37.183  WARN 77840 --- [           main] c.b.m.core.toolkit.ReflectionKit         : Warn: AppDiaryArticleService's superclass not ParameterizedType
2020-12-19 01:24:38.480  WARN 77840 --- [           main] c.b.m.core.toolkit.ReflectionKit         : Warn: MkAuthUserService's superclass not ParameterizedType
2020-12-19 01:24:38.480  WARN 77840 --- [           main] c.b.m.core.toolkit.ReflectionKit         : Warn: MkAuthUserService's superclass not ParameterizedType
2020-12-19 01:24:38.542  WARN 77840 --- [           main] c.b.m.core.toolkit.ReflectionKit         : Warn: MkUserFrontService's superclass not ParameterizedType
2020-12-19 01:24:38.542  WARN 77840 --- [           main] c.b.m.core.toolkit.ReflectionKit         : Warn: MkUserFrontService's superclass not ParameterizedType
2020-12-19 01:24:38.823 DEBUG 77840 --- [           main] onfig$CustomRequestMappingHandlerMapping : 48 mappings in 'requestMappingHandlerMapping'
2020-12-19 01:24:38.823  WARN 77840 --- [           main] c.b.m.core.toolkit.ReflectionKit         : Warn: MkFrontCommunityNoticeService's superclass not ParameterizedType
2020-12-19 01:24:38.839  WARN 77840 --- [           main] c.b.m.core.toolkit.ReflectionKit         : Warn: MkFrontCommunityNoticeService's superclass not ParameterizedType
2020-12-19 01:24:38.870  WARN 77840 --- [           main] c.b.m.core.toolkit.ReflectionKit         : Warn: MkFrontCommunityArticleCommentService's superclass not ParameterizedType
2020-12-19 01:24:38.901  WARN 77840 --- [           main] c.b.m.core.toolkit.ReflectionKit         : Warn: MkFrontCommunityArticleCommentService's superclass not ParameterizedType
2020-12-19 01:24:38.948  WARN 77840 --- [           main] c.b.m.core.toolkit.ReflectionKit         : Warn: MkFrontCommunityCategoryService's superclass not ParameterizedType
2020-12-19 01:24:38.964  WARN 77840 --- [           main] c.b.m.core.toolkit.ReflectionKit         : Warn: MkFrontCommunityCategoryService's superclass not ParameterizedType
2020-12-19 01:24:39.011  WARN 77840 --- [           main] c.b.m.core.toolkit.ReflectionKit         : Warn: MkFrontCommunityArticleService's superclass not ParameterizedType
2020-12-19 01:24:39.011  WARN 77840 --- [           main] c.b.m.core.toolkit.ReflectionKit         : Warn: MkFrontCommunityArticleService's superclass not ParameterizedType
2020-12-19 01:24:39.058  WARN 77840 --- [           main] c.b.m.core.toolkit.ReflectionKit         : Warn: MkFrontCommunityTopicService's superclass not ParameterizedType
2020-12-19 01:24:39.073  WARN 77840 --- [           main] c.b.m.core.toolkit.ReflectionKit         : Warn: MkFrontCommunityTopicService's superclass not ParameterizedType
2020-12-19 01:24:39.651  INFO 77840 --- [           main] o.s.s.web.DefaultSecurityFilterChain     : Creating filter chain: Ant [pattern='/community/category/all', GET], []
2020-12-19 01:24:39.667  INFO 77840 --- [           main] o.s.s.web.DefaultSecurityFilterChain     : Creating filter chain: Ant [pattern='/community/topic/all', GET], []
2020-12-19 01:24:39.667  INFO 77840 --- [           main] o.s.s.web.DefaultSecurityFilterChain     : Creating filter chain: Ant [pattern='/community/article/page', GET], []
2020-12-19 01:24:39.667  INFO 77840 --- [           main] o.s.s.web.DefaultSecurityFilterChain     : Creating filter chain: Ant [pattern='/community/article/comment/page', GET], []
2020-12-19 01:24:39.683  INFO 77840 --- [           main] o.s.s.web.DefaultSecurityFilterChain     : Creating filter chain: Ant [pattern='/community/article/comment/details/page', GET], []
2020-12-19 01:24:39.683  INFO 77840 --- [           main] o.s.s.web.DefaultSecurityFilterChain     : Creating filter chain: Ant [pattern='/front/user/simple/info', GET], []
2020-12-19 01:24:39.683  INFO 77840 --- [           main] o.s.s.web.DefaultSecurityFilterChain     : Creating filter chain: Ant [pattern='/community/article', GET], []
2020-12-19 01:24:39.683  INFO 77840 --- [           main] o.s.s.web.DefaultSecurityFilterChain     : Creating filter chain: Ant [pattern='/community/article/own/page', GET], []
2020-12-19 01:24:39.683  INFO 77840 --- [           main] o.s.s.web.DefaultSecurityFilterChain     : Creating filter chain: Ant [pattern='/community/article/image/page', GET], []
2020-12-19 01:24:39.683  INFO 77840 --- [           main] o.s.s.web.DefaultSecurityFilterChain     : Creating filter chain: Ant [pattern='/front/app/version', GET], []
2020-12-19 01:24:39.683  INFO 77840 --- [           main] o.s.s.web.DefaultSecurityFilterChain     : Creating filter chain: Ant [pattern='/diary/community/visible', GET], []
2020-12-19 01:24:39.683  INFO 77840 --- [           main] o.s.s.web.DefaultSecurityFilterChain     : Creating filter chain: Ant [pattern='/calendar', GET], []
2020-12-19 01:24:39.683  INFO 77840 --- [           main] o.s.s.web.DefaultSecurityFilterChain     : Creating filter chain: Ant [pattern='/file/upload', POST], []
2020-12-19 01:24:39.683  INFO 77840 --- [           main] o.s.s.web.DefaultSecurityFilterChain     : Creating filter chain: Ant [pattern='/front/sms/send', POST], []
2020-12-19 01:24:39.683  INFO 77840 --- [           main] o.s.s.web.DefaultSecurityFilterChain     : Creating filter chain: Ant [pattern='/front/sms/send/modify', POST], []
2020-12-19 01:24:39.698  INFO 77840 --- [           main] o.s.s.web.DefaultSecurityFilterChain     : Creating filter chain: Ant [pattern='/front/auth/user/sms/send', POST], []
2020-12-19 01:24:39.698  INFO 77840 --- [           main] o.s.s.web.DefaultSecurityFilterChain     : Creating filter chain: Ant [pattern='/front/auth/user/register', POST], []
2020-12-19 01:24:39.698  INFO 77840 --- [           main] o.s.s.web.DefaultSecurityFilterChain     : Creating filter chain: Ant [pattern='/front/auth/user/mobile/login', POST], []
2020-12-19 01:24:39.698  INFO 77840 --- [           main] o.s.s.web.DefaultSecurityFilterChain     : Creating filter chain: Ant [pattern='/front/auth/user/verify/login', POST], []
2020-12-19 01:24:39.698  INFO 77840 --- [           main] o.s.s.web.DefaultSecurityFilterChain     : Creating filter chain: Ant [pattern='/front/auth/user/forget/password', POST], []
2020-12-19 01:24:39.714  INFO 77840 --- [           main] o.s.s.web.DefaultSecurityFilterChain     : Creating filter chain: Ant [pattern='/front/auth/user/third/login', POST], []
2020-12-19 01:24:39.714  INFO 77840 --- [           main] o.s.s.web.DefaultSecurityFilterChain     : Creating filter chain: Ant [pattern='/front/auth/user/mini/wx/login', POST], []
2020-12-19 01:24:39.714  INFO 77840 --- [           main] o.s.s.web.DefaultSecurityFilterChain     : Creating filter chain: Ant [pattern='/front/auth/user/mini/wx/info/login', POST], []
2020-12-19 01:24:40.167  INFO 77840 --- [           main] o.s.s.web.DefaultSecurityFilterChain     : Creating filter chain: any request, [org.springframework.security.web.context.request.async.WebAsyncManagerIntegrationFilter@1338fb5, org.springframework.security.web.context.SecurityContextPersistenceFilter@1199fe66, org.springframework.security.web.header.HeaderWriterFilter@5cde6747, org.springframework.web.filter.CorsFilter@42463763, com.github.xujiaji.mk.security.config.JwtAuthenticationFilter@282cb7c7, org.springframework.security.web.savedrequest.RequestCacheAwareFilter@1fdf1c5, org.springframework.security.web.servletapi.SecurityContextHolderAwareRequestFilter@7d64e326, org.springframework.security.web.authentication.AnonymousAuthenticationFilter@59f63e24, org.springframework.security.web.session.SessionManagementFilter@37c7595, org.springframework.security.web.access.ExceptionTranslationFilter@7642df8f, org.springframework.security.web.access.intercept.FilterSecurityInterceptor@6b3e12b5]
2020-12-19 01:24:40.448  INFO 77840 --- [           main] o.s.s.concurrent.ThreadPoolTaskExecutor  : Initializing ExecutorService 'applicationTaskExecutor'
2020-12-19 01:24:41.870  INFO 77840 --- [           main] o.s.b.w.embedded.tomcat.TomcatWebServer  : Tomcat started on port(s): 18111 (http) with context path ''
2020-12-19 01:24:41.901  INFO 77840 --- [           main] c.awesome.diary.app.AppDiaryApplication  : Started AppDiaryApplication in 22.961 seconds (JVM running for 24.087)
2020-12-19 01:25:19.620  INFO 77840 --- [io-18111-exec-2] o.a.c.c.C.[Tomcat].[localhost].[/]       : Initializing Spring DispatcherServlet 'dispatcherServlet'
2020-12-19 01:25:19.620  INFO 77840 --- [io-18111-exec-2] o.s.web.servlet.DispatcherServlet        : Initializing Servlet 'dispatcherServlet'
2020-12-19 01:25:19.651  INFO 77840 --- [io-18111-exec-2] o.s.web.servlet.DispatcherServlet        : Completed initialization in 31 ms
2020-12-19 01:25:19.745 DEBUG 77840 --- [io-18111-exec-2] onfig$CustomRequestMappingHandlerMapping : Mapped to com.github.xujiaji.mk.community.front.controller.MkFrontCommunityNoticeController#unreadNum()
2020-12-19 01:25:21.073  INFO 77840 --- [io-18111-exec-2] com.zaxxer.hikari.HikariDataSource       : HikariPool-1 - Starting...
2020-12-19 01:25:26.323 ERROR 77840 --- [io-18111-exec-2] com.zaxxer.hikari.pool.HikariPool        : HikariPool-1 - Exception during pool initialization.

java.sql.SQLNonTransientConnectionException: Could not create connection to database server. Attempted reconnect 3 times. Giving up.
        at com.mysql.cj.jdbc.exceptions.SQLError.createSQLException(SQLError.java:110) ~[mysql-connector-java-8.0.21.jar!/:8.0.21]
        at com.mysql.cj.jdbc.exceptions.SQLError.createSQLException(SQLError.java:97) ~[mysql-connector-java-8.0.21.jar!/:8.0.21]
        at com.mysql.cj.jdbc.exceptions.SQLError.createSQLException(SQLError.java:89) ~[mysql-connector-java-8.0.21.jar!/:8.0.21]
        at com.mysql.cj.jdbc.exceptions.SQLError.createSQLException(SQLError.java:63) ~[mysql-connector-java-8.0.21.jar!/:8.0.21]
        at com.mysql.cj.jdbc.exceptions.SQLError.createSQLException(SQLError.java:73) ~[mysql-connector-java-8.0.21.jar!/:8.0.21]
        at com.mysql.cj.jdbc.ConnectionImpl.connectWithRetries(ConnectionImpl.java:906) ~[mysql-connector-java-8.0.21.jar!/:8.0.21]
        at com.mysql.cj.jdbc.ConnectionImpl.createNewIO(ConnectionImpl.java:831) ~[mysql-connector-java-8.0.21.jar!/:8.0.21]
        at com.mysql.cj.jdbc.ConnectionImpl.<init>(ConnectionImpl.java:456) ~[mysql-connector-java-8.0.21.jar!/:8.0.21]
        at com.mysql.cj.jdbc.ConnectionImpl.getInstance(ConnectionImpl.java:246) ~[mysql-connector-java-8.0.21.jar!/:8.0.21]
        at com.mysql.cj.jdbc.NonRegisteringDriver.connect(NonRegisteringDriver.java:197) ~[mysql-connector-java-8.0.21.jar!/:8.0.21]
        at com.zaxxer.hikari.util.DriverDataSource.getConnection(DriverDataSource.java:138) ~[HikariCP-3.4.5.jar!/:na]
        at com.zaxxer.hikari.pool.PoolBase.newConnection(PoolBase.java:358) ~[HikariCP-3.4.5.jar!/:na]
        at com.zaxxer.hikari.pool.PoolBase.newPoolEntry(PoolBase.java:206) ~[HikariCP-3.4.5.jar!/:na]
        at com.zaxxer.hikari.pool.HikariPool.createPoolEntry(HikariPool.java:477) [HikariCP-3.4.5.jar!/:na]
        at com.zaxxer.hikari.pool.HikariPool.checkFailFast(HikariPool.java:560) [HikariCP-3.4.5.jar!/:na]
        at com.zaxxer.hikari.pool.HikariPool.<init>(HikariPool.java:115) [HikariCP-3.4.5.jar!/:na]
        at com.zaxxer.hikari.HikariDataSource.getConnection(HikariDataSource.java:112) [HikariCP-3.4.5.jar!/:na]
        at org.springframework.jdbc.datasource.DataSourceUtils.fetchConnection(DataSourceUtils.java:158) [spring-jdbc-5.2.9.RELEASE.jar!/:5.2.9.RELEASE]
        at org.springframework.jdbc.datasource.DataSourceUtils.doGetConnection(DataSourceUtils.java:116) [spring-jdbc-5.2.9.RELEASE.jar!/:5.2.9.RELEASE]
        at org.springframework.jdbc.datasource.DataSourceUtils.getConnection(DataSourceUtils.java:79) [spring-jdbc-5.2.9.RELEASE.jar!/:5.2.9.RELEASE]
        at org.mybatis.spring.transaction.SpringManagedTransaction.openConnection(SpringManagedTransaction.java:80) [mybatis-spring-2.0.5.jar!/:2.0.5]
        at org.mybatis.spring.transaction.SpringManagedTransaction.getConnection(SpringManagedTransaction.java:67) [mybatis-spring-2.0.5.jar!/:2.0.5]
        at org.apache.ibatis.executor.BaseExecutor.getConnection(BaseExecutor.java:337) [mybatis-3.5.5.jar!/:3.5.5]
        at com.baomidou.mybatisplus.core.executor.MybatisSimpleExecutor.prepareStatement(MybatisSimpleExecutor.java:93) [mybatis-plus-core-3.4.0.jar!/:3.4.0]
        at com.baomidou.mybatisplus.core.executor.MybatisSimpleExecutor.doQuery(MybatisSimpleExecutor.java:68) [mybatis-plus-core-3.4.0.jar!/:3.4.0]
        at org.apache.ibatis.executor.BaseExecutor.queryFromDatabase(BaseExecutor.java:325) [mybatis-3.5.5.jar!/:3.5.5]
        at org.apache.ibatis.executor.BaseExecutor.query(BaseExecutor.java:156) [mybatis-3.5.5.jar!/:3.5.5]
        at com.baomidou.mybatisplus.core.executor.MybatisCachingExecutor.query(MybatisCachingExecutor.java:165) [mybatis-plus-core-3.4.0.jar!/:3.4.0]
        at com.baomidou.mybatisplus.extension.plugins.MybatisPlusInterceptor.intercept(MybatisPlusInterceptor.java:64) [mybatis-plus-extension-3.4.0.jar!/:3.4.0]
        at org.apache.ibatis.plugin.Plugin.invoke(Plugin.java:61) [mybatis-3.5.5.jar!/:3.5.5]
        at com.sun.proxy.$Proxy134.query(Unknown Source) [na:na]
        at org.apache.ibatis.session.defaults.DefaultSqlSession.selectList(DefaultSqlSession.java:147) [mybatis-3.5.5.jar!/:3.5.5]
        at org.apache.ibatis.session.defaults.DefaultSqlSession.selectList(DefaultSqlSession.java:140) [mybatis-3.5.5.jar!/:3.5.5]
        at org.apache.ibatis.session.defaults.DefaultSqlSession.selectOne(DefaultSqlSession.java:76) [mybatis-3.5.5.jar!/:3.5.5]
        at sun.reflect.NativeMethodAccessorImpl.invoke0(Native Method) ~[na:1.8.0_271]
        at sun.reflect.NativeMethodAccessorImpl.invoke(Unknown Source) ~[na:1.8.0_271]
        at sun.reflect.DelegatingMethodAccessorImpl.invoke(Unknown Source) ~[na:1.8.0_271]
        at java.lang.reflect.Method.invoke(Unknown Source) ~[na:1.8.0_271]
        at org.mybatis.spring.SqlSessionTemplate$SqlSessionInterceptor.invoke(SqlSessionTemplate.java:426) [mybatis-spring-2.0.5.jar!/:2.0.5]
        at com.sun.proxy.$Proxy66.selectOne(Unknown Source) [na:na]
        at org.mybatis.spring.SqlSessionTemplate.selectOne(SqlSessionTemplate.java:159) [mybatis-spring-2.0.5.jar!/:2.0.5]
        at com.baomidou.mybatisplus.core.override.MybatisMapperMethod.execute(MybatisMapperMethod.java:90) [mybatis-plus-core-3.4.0.jar!/:3.4.0]
        at com.baomidou.mybatisplus.core.override.MybatisMapperProxy$PlainMethodInvoker.invoke(MybatisMapperProxy.java:148) [mybatis-plus-core-3.4.0.jar!/:3.4.0]
        at com.baomidou.mybatisplus.core.override.MybatisMapperProxy.invoke(MybatisMapperProxy.java:89) [mybatis-plus-core-3.4.0.jar!/:3.4.0]
        at com.sun.proxy.$Proxy73.getConfigValueByKey(Unknown Source) [na:na]
        at com.github.xujiaji.mk.common.service.impl.MkCommonServiceImpl.valueByKey(MkCommonServiceImpl.java:26) [mk-common-0.0.4.jar!/:0.0.4]
        at com.github.xujiaji.mk.common.service.impl.MkCommonServiceImpl$$FastClassBySpringCGLIB$$c47b0412.invoke(<generated>) [mk-common-0.0.4.jar!/:0.0.4]
        at org.springframework.cglib.proxy.MethodProxy.invoke(MethodProxy.java:218) [spring-core-5.2.9.RELEASE.jar!/:5.2.9.RELEASE]
        at org.springframework.aop.framework.CglibAopProxy$DynamicAdvisedInterceptor.intercept(CglibAopProxy.java:687) [spring-aop-5.2.9.RELEASE.jar!/:5.2.9.RELEASE]
        at com.github.xujiaji.mk.common.service.impl.MkCommonServiceImpl$$EnhancerBySpringCGLIB$$1c9a5a8.valueByKey(<generated>) [mk-common-0.0.4.jar!/:0.0.4]
        at com.github.xujiaji.mk.common.util.IPUtil.init(IPUtil.java:54) [mk-common-0.0.4.jar!/:0.0.4]
        at com.github.xujiaji.mk.common.util.IPUtil.getCityInfo(IPUtil.java:70) [mk-common-0.0.4.jar!/:0.0.4]
        at com.github.xujiaji.mk.log.service.impl.MkLogServiceImpl.addLog(MkLogServiceImpl.java:43) [mk-log-0.0.4.jar!/:0.0.4]
        at com.github.xujiaji.mk.log.service.impl.MkLogServiceImpl.addLog(MkLogServiceImpl.java:72) [mk-log-0.0.4.jar!/:0.0.4]
        at com.github.xujiaji.mk.log.service.impl.MkLogServiceImpl$$FastClassBySpringCGLIB$$97284112.invoke(<generated>) [mk-log-0.0.4.jar!/:0.0.4]
        at org.springframework.cglib.proxy.MethodProxy.invoke(MethodProxy.java:218) [spring-core-5.2.9.RELEASE.jar!/:5.2.9.RELEASE]
        at org.springframework.aop.framework.CglibAopProxy$DynamicAdvisedInterceptor.intercept(CglibAopProxy.java:687) [spring-aop-5.2.9.RELEASE.jar!/:5.2.9.RELEASE]
        at com.github.xujiaji.mk.log.service.impl.MkLogServiceImpl$$EnhancerBySpringCGLIB$$1d7f7ca8.addLog(<generated>) [mk-log-0.0.4.jar!/:0.0.4]
        at com.github.xujiaji.mk.security.config.JwtAuthenticationFilter.doFilterInternal(JwtAuthenticationFilter.java:119) [mk-security-0.0.4.jar!/:0.0.4]
        at org.springframework.web.filter.OncePerRequestFilter.doFilter(OncePerRequestFilter.java:119) [spring-web-5.2.9.RELEASE.jar!/:5.2.9.RELEASE]
        at org.springframework.security.web.FilterChainProxy$VirtualFilterChain.doFilter(FilterChainProxy.java:334) [spring-security-web-5.3.4.RELEASE.jar!/:5.3.4.RELEASE]
        at org.springframework.web.filter.CorsFilter.doFilterInternal(CorsFilter.java:92) [spring-web-5.2.9.RELEASE.jar!/:5.2.9.RELEASE]
        at org.springframework.web.filter.OncePerRequestFilter.doFilter(OncePerRequestFilter.java:119) [spring-web-5.2.9.RELEASE.jar!/:5.2.9.RELEASE]
        at org.springframework.security.web.FilterChainProxy$VirtualFilterChain.doFilter(FilterChainProxy.java:334) [spring-security-web-5.3.4.RELEASE.jar!/:5.3.4.RELEASE]
        at org.springframework.security.web.header.HeaderWriterFilter.doHeadersAfter(HeaderWriterFilter.java:92) [spring-security-web-5.3.4.RELEASE.jar!/:5.3.4.RELEASE]
        at org.springframework.security.web.header.HeaderWriterFilter.doFilterInternal(HeaderWriterFilter.java:77) [spring-security-web-5.3.4.RELEASE.jar!/:5.3.4.RELEASE]
        at org.springframework.web.filter.OncePerRequestFilter.doFilter(OncePerRequestFilter.java:119) [spring-web-5.2.9.RELEASE.jar!/:5.2.9.RELEASE]
        at org.springframework.security.web.FilterChainProxy$VirtualFilterChain.doFilter(FilterChainProxy.java:334) [spring-security-web-5.3.4.RELEASE.jar!/:5.3.4.RELEASE]
        at org.springframework.security.web.context.SecurityContextPersistenceFilter.doFilter(SecurityContextPersistenceFilter.java:105) [spring-security-web-5.3.4.RELEASE.jar!/:5.3.4.RELEASE]
        at org.springframework.security.web.FilterChainProxy$VirtualFilterChain.doFilter(FilterChainProxy.java:334) [spring-security-web-5.3.4.RELEASE.jar!/:5.3.4.RELEASE]
        at org.springframework.security.web.context.request.async.WebAsyncManagerIntegrationFilter.doFilterInternal(WebAsyncManagerIntegrationFilter.java:56) [spring-security-web-5.3.4.RELEASE.jar!/:5.3.4.RELEASE]
        at org.springframework.web.filter.OncePerRequestFilter.doFilter(OncePerRequestFilter.java:119) [spring-web-5.2.9.RELEASE.jar!/:5.2.9.RELEASE]
        at org.springframework.security.web.FilterChainProxy$VirtualFilterChain.doFilter(FilterChainProxy.java:334) [spring-security-web-5.3.4.RELEASE.jar!/:5.3.4.RELEASE]
        at org.springframework.security.web.FilterChainProxy.doFilterInternal(FilterChainProxy.java:215) [spring-security-web-5.3.4.RELEASE.jar!/:5.3.4.RELEASE]
        at org.springframework.security.web.FilterChainProxy.doFilter(FilterChainProxy.java:178) [spring-security-web-5.3.4.RELEASE.jar!/:5.3.4.RELEASE]
        at org.springframework.web.filter.DelegatingFilterProxy.invokeDelegate(DelegatingFilterProxy.java:358) [spring-web-5.2.9.RELEASE.jar!/:5.2.9.RELEASE]
        at org.springframework.web.filter.DelegatingFilterProxy.doFilter(DelegatingFilterProxy.java:271) [spring-web-5.2.9.RELEASE.jar!/:5.2.9.RELEASE]
        at org.apache.catalina.core.ApplicationFilterChain.internalDoFilter(ApplicationFilterChain.java:193) [tomcat-embed-core-9.0.38.jar!/:9.0.38]
        at org.apache.catalina.core.ApplicationFilterChain.doFilter(ApplicationFilterChain.java:166) [tomcat-embed-core-9.0.38.jar!/:9.0.38]
        at org.springframework.web.filter.RequestContextFilter.doFilterInternal(RequestContextFilter.java:100) [spring-web-5.2.9.RELEASE.jar!/:5.2.9.RELEASE]
        at org.springframework.web.filter.OncePerRequestFilter.doFilter(OncePerRequestFilter.java:119) [spring-web-5.2.9.RELEASE.jar!/:5.2.9.RELEASE]
        at org.apache.catalina.core.ApplicationFilterChain.internalDoFilter(ApplicationFilterChain.java:193) [tomcat-embed-core-9.0.38.jar!/:9.0.38]
        at org.apache.catalina.core.ApplicationFilterChain.doFilter(ApplicationFilterChain.java:166) [tomcat-embed-core-9.0.38.jar!/:9.0.38]
        at org.springframework.web.filter.FormContentFilter.doFilterInternal(FormContentFilter.java:93) [spring-web-5.2.9.RELEASE.jar!/:5.2.9.RELEASE]
        at org.springframework.web.filter.OncePerRequestFilter.doFilter(OncePerRequestFilter.java:119) [spring-web-5.2.9.RELEASE.jar!/:5.2.9.RELEASE]
        at org.apache.catalina.core.ApplicationFilterChain.internalDoFilter(ApplicationFilterChain.java:193) [tomcat-embed-core-9.0.38.jar!/:9.0.38]
        at org.apache.catalina.core.ApplicationFilterChain.doFilter(ApplicationFilterChain.java:166) [tomcat-embed-core-9.0.38.jar!/:9.0.38]
        at org.springframework.web.filter.CharacterEncodingFilter.doFilterInternal(CharacterEncodingFilter.java:201) [spring-web-5.2.9.RELEASE.jar!/:5.2.9.RELEASE]
        at org.springframework.web.filter.OncePerRequestFilter.doFilter(OncePerRequestFilter.java:119) [spring-web-5.2.9.RELEASE.jar!/:5.2.9.RELEASE]
        at org.apache.catalina.core.ApplicationFilterChain.internalDoFilter(ApplicationFilterChain.java:193) [tomcat-embed-core-9.0.38.jar!/:9.0.38]
        at org.apache.catalina.core.ApplicationFilterChain.doFilter(ApplicationFilterChain.java:166) [tomcat-embed-core-9.0.38.jar!/:9.0.38]
        at org.apache.catalina.core.StandardWrapperValve.invoke(StandardWrapperValve.java:202) [tomcat-embed-core-9.0.38.jar!/:9.0.38]
        at org.apache.catalina.core.StandardContextValve.invoke(StandardContextValve.java:97) [tomcat-embed-core-9.0.38.jar!/:9.0.38]
        at org.apache.catalina.authenticator.AuthenticatorBase.invoke(AuthenticatorBase.java:541) [tomcat-embed-core-9.0.38.jar!/:9.0.38]
        at org.apache.catalina.core.StandardHostValve.invoke(StandardHostValve.java:143) [tomcat-embed-core-9.0.38.jar!/:9.0.38]
        at org.apache.catalina.valves.ErrorReportValve.invoke(ErrorReportValve.java:92) [tomcat-embed-core-9.0.38.jar!/:9.0.38]
        at org.apache.catalina.core.StandardEngineValve.invoke(StandardEngineValve.java:78) [tomcat-embed-core-9.0.38.jar!/:9.0.38]
        at org.apache.catalina.connector.CoyoteAdapter.service(CoyoteAdapter.java:343) [tomcat-embed-core-9.0.38.jar!/:9.0.38]
        at org.apache.coyote.http11.Http11Processor.service(Http11Processor.java:374) [tomcat-embed-core-9.0.38.jar!/:9.0.38]
        at org.apache.coyote.AbstractProcessorLight.process(AbstractProcessorLight.java:65) [tomcat-embed-core-9.0.38.jar!/:9.0.38]
        at org.apache.coyote.AbstractProtocol$ConnectionHandler.process(AbstractProtocol.java:868) [tomcat-embed-core-9.0.38.jar!/:9.0.38]
        at org.apache.tomcat.util.net.NioEndpoint$SocketProcessor.doRun(NioEndpoint.java:1590) [tomcat-embed-core-9.0.38.jar!/:9.0.38]
        at org.apache.tomcat.util.net.SocketProcessorBase.run(SocketProcessorBase.java:49) [tomcat-embed-core-9.0.38.jar!/:9.0.38]
        at java.util.concurrent.ThreadPoolExecutor.runWorker(Unknown Source) [na:1.8.0_271]
        at java.util.concurrent.ThreadPoolExecutor$Worker.run(Unknown Source) [na:1.8.0_271]
        at org.apache.tomcat.util.threads.TaskThread$WrappingRunnable.run(TaskThread.java:61) [tomcat-embed-core-9.0.38.jar!/:9.0.38]
        at java.lang.Thread.run(Unknown Source) [na:1.8.0_271]
Caused by: com.mysql.cj.exceptions.CJException: Access denied for user 'root'@'localhost' (using password: YES)
        at sun.reflect.NativeConstructorAccessorImpl.newInstance0(Native Method) ~[na:1.8.0_271]
        at sun.reflect.NativeConstructorAccessorImpl.newInstance(Unknown Source) ~[na:1.8.0_271]
        at sun.reflect.DelegatingConstructorAccessorImpl.newInstance(Unknown Source) ~[na:1.8.0_271]
        at java.lang.reflect.Constructor.newInstance(Unknown Source) ~[na:1.8.0_271]
        at com.mysql.cj.exceptions.ExceptionFactory.createException(ExceptionFactory.java:61) ~[mysql-connector-java-8.0.21.jar!/:8.0.21]
        at com.mysql.cj.exceptions.ExceptionFactory.createException(ExceptionFactory.java:105) ~[mysql-connector-java-8.0.21.jar!/:8.0.21]
        at com.mysql.cj.exceptions.ExceptionFactory.createException(ExceptionFactory.java:151) ~[mysql-connector-java-8.0.21.jar!/:8.0.21]
        at com.mysql.cj.exceptions.ExceptionFactory.createException(ExceptionFactory.java:129) ~[mysql-connector-java-8.0.21.jar!/:8.0.21]
        at com.mysql.cj.protocol.a.NativeProtocol.checkErrorMessage(NativeProtocol.java:786) ~[mysql-connector-java-8.0.21.jar!/:8.0.21]
        at com.mysql.cj.protocol.a.NativeProtocol.checkErrorMessage(NativeProtocol.java:711) ~[mysql-connector-java-8.0.21.jar!/:8.0.21]
        at com.mysql.cj.protocol.a.NativeProtocol.checkErrorMessage(NativeProtocol.java:679) ~[mysql-connector-java-8.0.21.jar!/:8.0.21]
        at com.mysql.cj.protocol.a.NativeProtocol.checkErrorMessage(NativeProtocol.java:128) ~[mysql-connector-java-8.0.21.jar!/:8.0.21]
        at com.mysql.cj.protocol.a.NativeAuthenticationProvider.proceedHandshakeWithPluggableAuthentication(NativeAuthenticationProvider.java:466) ~[mysql-connector-java-8.0.21.jar!/:8.0.21]
        at com.mysql.cj.protocol.a.NativeAuthenticationProvider.connect(NativeAuthenticationProvider.java:171) ~[mysql-connector-java-8.0.21.jar!/:8.0.21]
        at com.mysql.cj.protocol.a.NativeProtocol.connect(NativeProtocol.java:1342) ~[mysql-connector-java-8.0.21.jar!/:8.0.21]
        at com.mysql.cj.NativeSession.connect(NativeSession.java:157) ~[mysql-connector-java-8.0.21.jar!/:8.0.21]
        at com.mysql.cj.jdbc.ConnectionImpl.connectWithRetries(ConnectionImpl.java:850) ~[mysql-connector-java-8.0.21.jar!/:8.0.21]
        ... 101 common frames omitted

2020-12-19 01:25:26.339  INFO 77840 --- [io-18111-exec-1] com.zaxxer.hikari.HikariDataSource       : HikariPool-1 - Starting...
2020-12-19 01:25:26.355 ERROR 77840 --- [io-18111-exec-2] o.a.c.c.C.[.[.[/].[dispatcherServlet]    : Servlet.service() for servlet [dispatcherServlet] in context with path [] threw exception

org.mybatis.spring.MyBatisSystemException: nested exception is org.apache.ibatis.exceptions.PersistenceException:
### Error querying database.  Cause: org.springframework.jdbc.CannotGetJdbcConnectionException: Failed to obtain JDBC Connection; nested exception is java.sql.SQLNonTransientConnectionException: Could not create connection to database server. Attempted reconnect 3 times. Giving up.
### The error may exist in URL [jar:file:/E:/app-pipiriji-SNAPSHOT.jar!/BOOT-INF/lib/mk-common-0.0.4.jar!/mapper/MkCommonMapper.xml]
### The error may involve com.github.xujiaji.mk.common.mapper.MkCommonMapper.getConfigValueByKey
### The error occurred while executing a query
### Cause: org.springframework.jdbc.CannotGetJdbcConnectionException: Failed to obtain JDBC Connection; nested exception is java.sql.SQLNonTransientConnectionException: Could not create connection to database server. Attempted reconnect 3 times. Giving up.
        at org.mybatis.spring.MyBatisExceptionTranslator.translateExceptionIfPossible(MyBatisExceptionTranslator.java:92) ~[mybatis-spring-2.0.5.jar!/:2.0.5]
        at org.mybatis.spring.SqlSessionTemplate$SqlSessionInterceptor.invoke(SqlSessionTemplate.java:440) ~[mybatis-spring-2.0.5.jar!/:2.0.5]
        at com.sun.proxy.$Proxy66.selectOne(Unknown Source) ~[na:na]
        at org.mybatis.spring.SqlSessionTemplate.selectOne(SqlSessionTemplate.java:159) ~[mybatis-spring-2.0.5.jar!/:2.0.5]
        at com.baomidou.mybatisplus.core.override.MybatisMapperMethod.execute(MybatisMapperMethod.java:90) ~[mybatis-plus-core-3.4.0.jar!/:3.4.0]
        at com.baomidou.mybatisplus.core.override.MybatisMapperProxy$PlainMethodInvoker.invoke(MybatisMapperProxy.java:148) ~[mybatis-plus-core-3.4.0.jar!/:3.4.0]
        at com.baomidou.mybatisplus.core.override.MybatisMapperProxy.invoke(MybatisMapperProxy.java:89) ~[mybatis-plus-core-3.4.0.jar!/:3.4.0]
        at com.sun.proxy.$Proxy73.getConfigValueByKey(Unknown Source) ~[na:na]
        at com.github.xujiaji.mk.common.service.impl.MkCommonServiceImpl.valueByKey(MkCommonServiceImpl.java:26) ~[mk-common-0.0.4.jar!/:0.0.4]
        at com.github.xujiaji.mk.common.service.impl.MkCommonServiceImpl$$FastClassBySpringCGLIB$$c47b0412.invoke(<generated>) ~[mk-common-0.0.4.jar!/:0.0.4]
        at org.springframework.cglib.proxy.MethodProxy.invoke(MethodProxy.java:218) ~[spring-core-5.2.9.RELEASE.jar!/:5.2.9.RELEASE]
        at org.springframework.aop.framework.CglibAopProxy$DynamicAdvisedInterceptor.intercept(CglibAopProxy.java:687) ~[spring-aop-5.2.9.RELEASE.jar!/:5.2.9.RELEASE]
        at com.github.xujiaji.mk.common.service.impl.MkCommonServiceImpl$$EnhancerBySpringCGLIB$$1c9a5a8.valueByKey(<generated>) ~[mk-common-0.0.4.jar!/:0.0.4]
        at com.github.xujiaji.mk.common.util.IPUtil.init(IPUtil.java:54) ~[mk-common-0.0.4.jar!/:0.0.4]
        at com.github.xujiaji.mk.common.util.IPUtil.getCityInfo(IPUtil.java:70) ~[mk-common-0.0.4.jar!/:0.0.4]
        at com.github.xujiaji.mk.log.service.impl.MkLogServiceImpl.addLog(MkLogServiceImpl.java:43) ~[mk-log-0.0.4.jar!/:0.0.4]
        at com.github.xujiaji.mk.log.service.impl.MkLogServiceImpl.addLog(MkLogServiceImpl.java:72) ~[mk-log-0.0.4.jar!/:0.0.4]
        at com.github.xujiaji.mk.log.service.impl.MkLogServiceImpl$$FastClassBySpringCGLIB$$97284112.invoke(<generated>) ~[mk-log-0.0.4.jar!/:0.0.4]
        at org.springframework.cglib.proxy.MethodProxy.invoke(MethodProxy.java:218) ~[spring-core-5.2.9.RELEASE.jar!/:5.2.9.RELEASE]
        at org.springframework.aop.framework.CglibAopProxy$DynamicAdvisedInterceptor.intercept(CglibAopProxy.java:687) ~[spring-aop-5.2.9.RELEASE.jar!/:5.2.9.RELEASE]
        at com.github.xujiaji.mk.log.service.impl.MkLogServiceImpl$$EnhancerBySpringCGLIB$$1d7f7ca8.addLog(<generated>) ~[mk-log-0.0.4.jar!/:0.0.4]
        at com.github.xujiaji.mk.security.config.JwtAuthenticationFilter.doFilterInternal(JwtAuthenticationFilter.java:119) ~[mk-security-0.0.4.jar!/:0.0.4]
        at org.springframework.web.filter.OncePerRequestFilter.doFilter(OncePerRequestFilter.java:119) ~[spring-web-5.2.9.RELEASE.jar!/:5.2.9.RELEASE]
        at org.springframework.security.web.FilterChainProxy$VirtualFilterChain.doFilter(FilterChainProxy.java:334) ~[spring-security-web-5.3.4.RELEASE.jar!/:5.3.4.RELEASE]
        at org.springframework.web.filter.CorsFilter.doFilterInternal(CorsFilter.java:92) ~[spring-web-5.2.9.RELEASE.jar!/:5.2.9.RELEASE]
        at org.springframework.web.filter.OncePerRequestFilter.doFilter(OncePerRequestFilter.java:119) ~[spring-web-5.2.9.RELEASE.jar!/:5.2.9.RELEASE]
        at org.springframework.security.web.FilterChainProxy$VirtualFilterChain.doFilter(FilterChainProxy.java:334) ~[spring-security-web-5.3.4.RELEASE.jar!/:5.3.4.RELEASE]
        at org.springframework.security.web.header.HeaderWriterFilter.doHeadersAfter(HeaderWriterFilter.java:92) ~[spring-security-web-5.3.4.RELEASE.jar!/:5.3.4.RELEASE]
        at org.springframework.security.web.header.HeaderWriterFilter.doFilterInternal(HeaderWriterFilter.java:77) ~[spring-security-web-5.3.4.RELEASE.jar!/:5.3.4.RELEASE]
        at org.springframework.web.filter.OncePerRequestFilter.doFilter(OncePerRequestFilter.java:119) ~[spring-web-5.2.9.RELEASE.jar!/:5.2.9.RELEASE]
        at org.springframework.security.web.FilterChainProxy$VirtualFilterChain.doFilter(FilterChainProxy.java:334) ~[spring-security-web-5.3.4.RELEASE.jar!/:5.3.4.RELEASE]
        at org.springframework.security.web.context.SecurityContextPersistenceFilter.doFilter(SecurityContextPersistenceFilter.java:105) ~[spring-security-web-5.3.4.RELEASE.jar!/:5.3.4.RELEASE]
        at org.springframework.security.web.FilterChainProxy$VirtualFilterChain.doFilter(FilterChainProxy.java:334) ~[spring-security-web-5.3.4.RELEASE.jar!/:5.3.4.RELEASE]
        at org.springframework.security.web.context.request.async.WebAsyncManagerIntegrationFilter.doFilterInternal(WebAsyncManagerIntegrationFilter.java:56) ~[spring-security-web-5.3.4.RELEASE.jar!/:5.3.4.RELEASE]
        at org.springframework.web.filter.OncePerRequestFilter.doFilter(OncePerRequestFilter.java:119) ~[spring-web-5.2.9.RELEASE.jar!/:5.2.9.RELEASE]
        at org.springframework.security.web.FilterChainProxy$VirtualFilterChain.doFilter(FilterChainProxy.java:334) ~[spring-security-web-5.3.4.RELEASE.jar!/:5.3.4.RELEASE]
        at org.springframework.security.web.FilterChainProxy.doFilterInternal(FilterChainProxy.java:215) ~[spring-security-web-5.3.4.RELEASE.jar!/:5.3.4.RELEASE]
        at org.springframework.security.web.FilterChainProxy.doFilter(FilterChainProxy.java:178) ~[spring-security-web-5.3.4.RELEASE.jar!/:5.3.4.RELEASE]
        at org.springframework.web.filter.DelegatingFilterProxy.invokeDelegate(DelegatingFilterProxy.java:358) ~[spring-web-5.2.9.RELEASE.jar!/:5.2.9.RELEASE]
        at org.springframework.web.filter.DelegatingFilterProxy.doFilter(DelegatingFilterProxy.java:271) ~[spring-web-5.2.9.RELEASE.jar!/:5.2.9.RELEASE]
        at org.apache.catalina.core.ApplicationFilterChain.internalDoFilter(ApplicationFilterChain.java:193) ~[tomcat-embed-core-9.0.38.jar!/:9.0.38]
        at org.apache.catalina.core.ApplicationFilterChain.doFilter(ApplicationFilterChain.java:166) ~[tomcat-embed-core-9.0.38.jar!/:9.0.38]
        at org.springframework.web.filter.RequestContextFilter.doFilterInternal(RequestContextFilter.java:100) ~[spring-web-5.2.9.RELEASE.jar!/:5.2.9.RELEASE]
        at org.springframework.web.filter.OncePerRequestFilter.doFilter(OncePerRequestFilter.java:119) ~[spring-web-5.2.9.RELEASE.jar!/:5.2.9.RELEASE]
        at org.apache.catalina.core.ApplicationFilterChain.internalDoFilter(ApplicationFilterChain.java:193) ~[tomcat-embed-core-9.0.38.jar!/:9.0.38]
        at org.apache.catalina.core.ApplicationFilterChain.doFilter(ApplicationFilterChain.java:166) ~[tomcat-embed-core-9.0.38.jar!/:9.0.38]
        at org.springframework.web.filter.FormContentFilter.doFilterInternal(FormContentFilter.java:93) ~[spring-web-5.2.9.RELEASE.jar!/:5.2.9.RELEASE]
        at org.springframework.web.filter.OncePerRequestFilter.doFilter(OncePerRequestFilter.java:119) ~[spring-web-5.2.9.RELEASE.jar!/:5.2.9.RELEASE]
        at org.apache.catalina.core.ApplicationFilterChain.internalDoFilter(ApplicationFilterChain.java:193) ~[tomcat-embed-core-9.0.38.jar!/:9.0.38]
        at org.apache.catalina.core.ApplicationFilterChain.doFilter(ApplicationFilterChain.java:166) ~[tomcat-embed-core-9.0.38.jar!/:9.0.38]
        at org.springframework.web.filter.CharacterEncodingFilter.doFilterInternal(CharacterEncodingFilter.java:201) ~[spring-web-5.2.9.RELEASE.jar!/:5.2.9.RELEASE]
        at org.springframework.web.filter.OncePerRequestFilter.doFilter(OncePerRequestFilter.java:119) ~[spring-web-5.2.9.RELEASE.jar!/:5.2.9.RELEASE]
        at org.apache.catalina.core.ApplicationFilterChain.internalDoFilter(ApplicationFilterChain.java:193) ~[tomcat-embed-core-9.0.38.jar!/:9.0.38]
        at org.apache.catalina.core.ApplicationFilterChain.doFilter(ApplicationFilterChain.java:166) ~[tomcat-embed-core-9.0.38.jar!/:9.0.38]
        at org.apache.catalina.core.StandardWrapperValve.invoke(StandardWrapperValve.java:202) ~[tomcat-embed-core-9.0.38.jar!/:9.0.38]
        at org.apache.catalina.core.StandardContextValve.invoke(StandardContextValve.java:97) [tomcat-embed-core-9.0.38.jar!/:9.0.38]
        at org.apache.catalina.authenticator.AuthenticatorBase.invoke(AuthenticatorBase.java:541) [tomcat-embed-core-9.0.38.jar!/:9.0.38]
        at org.apache.catalina.core.StandardHostValve.invoke(StandardHostValve.java:143) [tomcat-embed-core-9.0.38.jar!/:9.0.38]
        at org.apache.catalina.valves.ErrorReportValve.invoke(ErrorReportValve.java:92) [tomcat-embed-core-9.0.38.jar!/:9.0.38]
        at org.apache.catalina.core.StandardEngineValve.invoke(StandardEngineValve.java:78) [tomcat-embed-core-9.0.38.jar!/:9.0.38]
        at org.apache.catalina.connector.CoyoteAdapter.service(CoyoteAdapter.java:343) [tomcat-embed-core-9.0.38.jar!/:9.0.38]
        at org.apache.coyote.http11.Http11Processor.service(Http11Processor.java:374) [tomcat-embed-core-9.0.38.jar!/:9.0.38]
        at org.apache.coyote.AbstractProcessorLight.process(AbstractProcessorLight.java:65) [tomcat-embed-core-9.0.38.jar!/:9.0.38]
        at org.apache.coyote.AbstractProtocol$ConnectionHandler.process(AbstractProtocol.java:868) [tomcat-embed-core-9.0.38.jar!/:9.0.38]
        at org.apache.tomcat.util.net.NioEndpoint$SocketProcessor.doRun(NioEndpoint.java:1590) [tomcat-embed-core-9.0.38.jar!/:9.0.38]
        at org.apache.tomcat.util.net.SocketProcessorBase.run(SocketProcessorBase.java:49) [tomcat-embed-core-9.0.38.jar!/:9.0.38]
        at java.util.concurrent.ThreadPoolExecutor.runWorker(Unknown Source) [na:1.8.0_271]
        at java.util.concurrent.ThreadPoolExecutor$Worker.run(Unknown Source) [na:1.8.0_271]
        at org.apache.tomcat.util.threads.TaskThread$WrappingRunnable.run(TaskThread.java:61) [tomcat-embed-core-9.0.38.jar!/:9.0.38]
        at java.lang.Thread.run(Unknown Source) [na:1.8.0_271]
Caused by: org.apache.ibatis.exceptions.PersistenceException:
### Error querying database.  Cause: org.springframework.jdbc.CannotGetJdbcConnectionException: Failed to obtain JDBC Connection; nested exception is java.sql.SQLNonTransientConnectionException: Could not create connection to database server. Attempted reconnect 3 times. Giving up.
### The error may exist in URL [jar:file:/E:/app-pipiriji-SNAPSHOT.jar!/BOOT-INF/lib/mk-common-0.0.4.jar!/mapper/MkCommonMapper.xml]
### The error may involve com.github.xujiaji.mk.common.mapper.MkCommonMapper.getConfigValueByKey
### The error occurred while executing a query
### Cause: org.springframework.jdbc.CannotGetJdbcConnectionException: Failed to obtain JDBC Connection; nested exception is java.sql.SQLNonTransientConnectionException: Could not create connection to database server. Attempted reconnect 3 times. Giving up.
        at org.apache.ibatis.exceptions.ExceptionFactory.wrapException(ExceptionFactory.java:30) ~[mybatis-3.5.5.jar!/:3.5.5]
        at org.apache.ibatis.session.defaults.DefaultSqlSession.selectList(DefaultSqlSession.java:149) ~[mybatis-3.5.5.jar!/:3.5.5]
        at org.apache.ibatis.session.defaults.DefaultSqlSession.selectList(DefaultSqlSession.java:140) ~[mybatis-3.5.5.jar!/:3.5.5]
        at org.apache.ibatis.session.defaults.DefaultSqlSession.selectOne(DefaultSqlSession.java:76) ~[mybatis-3.5.5.jar!/:3.5.5]
        at sun.reflect.NativeMethodAccessorImpl.invoke0(Native Method) ~[na:1.8.0_271]
        at sun.reflect.NativeMethodAccessorImpl.invoke(Unknown Source) ~[na:1.8.0_271]
        at sun.reflect.DelegatingMethodAccessorImpl.invoke(Unknown Source) ~[na:1.8.0_271]
        at java.lang.reflect.Method.invoke(Unknown Source) ~[na:1.8.0_271]
        at org.mybatis.spring.SqlSessionTemplate$SqlSessionInterceptor.invoke(SqlSessionTemplate.java:426) ~[mybatis-spring-2.0.5.jar!/:2.0.5]
        ... 68 common frames omitted
Caused by: org.springframework.jdbc.CannotGetJdbcConnectionException: Failed to obtain JDBC Connection; nested exception is java.sql.SQLNonTransientConnectionException: Could not create connection to database server. Attempted reconnect 3 times. Giving up.
        at org.springframework.jdbc.datasource.DataSourceUtils.getConnection(DataSourceUtils.java:82) ~[spring-jdbc-5.2.9.RELEASE.jar!/:5.2.9.RELEASE]
        at org.mybatis.spring.transaction.SpringManagedTransaction.openConnection(SpringManagedTransaction.java:80) ~[mybatis-spring-2.0.5.jar!/:2.0.5]
        at org.mybatis.spring.transaction.SpringManagedTransaction.getConnection(SpringManagedTransaction.java:67) ~[mybatis-spring-2.0.5.jar!/:2.0.5]
        at org.apache.ibatis.executor.BaseExecutor.getConnection(BaseExecutor.java:337) ~[mybatis-3.5.5.jar!/:3.5.5]
        at com.baomidou.mybatisplus.core.executor.MybatisSimpleExecutor.prepareStatement(MybatisSimpleExecutor.java:93) ~[mybatis-plus-core-3.4.0.jar!/:3.4.0]
        at com.baomidou.mybatisplus.core.executor.MybatisSimpleExecutor.doQuery(MybatisSimpleExecutor.java:68) ~[mybatis-plus-core-3.4.0.jar!/:3.4.0]
        at org.apache.ibatis.executor.BaseExecutor.queryFromDatabase(BaseExecutor.java:325) ~[mybatis-3.5.5.jar!/:3.5.5]
        at org.apache.ibatis.executor.BaseExecutor.query(BaseExecutor.java:156) ~[mybatis-3.5.5.jar!/:3.5.5]
        at com.baomidou.mybatisplus.core.executor.MybatisCachingExecutor.query(MybatisCachingExecutor.java:165) ~[mybatis-plus-core-3.4.0.jar!/:3.4.0]
        at com.baomidou.mybatisplus.extension.plugins.MybatisPlusInterceptor.intercept(MybatisPlusInterceptor.java:64) ~[mybatis-plus-extension-3.4.0.jar!/:3.4.0]
        at org.apache.ibatis.plugin.Plugin.invoke(Plugin.java:61) ~[mybatis-3.5.5.jar!/:3.5.5]
        at com.sun.proxy.$Proxy134.query(Unknown Source) ~[na:na]
        at org.apache.ibatis.session.defaults.DefaultSqlSession.selectList(DefaultSqlSession.java:147) ~[mybatis-3.5.5.jar!/:3.5.5]
        ... 75 common frames omitted
Caused by: java.sql.SQLNonTransientConnectionException: Could not create connection to database server. Attempted reconnect 3 times. Giving up.
        at com.mysql.cj.jdbc.exceptions.SQLError.createSQLException(SQLError.java:110) ~[mysql-connector-java-8.0.21.jar!/:8.0.21]
        at com.mysql.cj.jdbc.exceptions.SQLError.createSQLException(SQLError.java:97) ~[mysql-connector-java-8.0.21.jar!/:8.0.21]
        at com.mysql.cj.jdbc.exceptions.SQLError.createSQLException(SQLError.java:89) ~[mysql-connector-java-8.0.21.jar!/:8.0.21]
        at com.mysql.cj.jdbc.exceptions.SQLError.createSQLException(SQLError.java:63) ~[mysql-connector-java-8.0.21.jar!/:8.0.21]
        at com.mysql.cj.jdbc.exceptions.SQLError.createSQLException(SQLError.java:73) ~[mysql-connector-java-8.0.21.jar!/:8.0.21]
        at com.mysql.cj.jdbc.ConnectionImpl.connectWithRetries(ConnectionImpl.java:906) ~[mysql-connector-java-8.0.21.jar!/:8.0.21]
        at com.mysql.cj.jdbc.ConnectionImpl.createNewIO(ConnectionImpl.java:831) ~[mysql-connector-java-8.0.21.jar!/:8.0.21]
        at com.mysql.cj.jdbc.ConnectionImpl.<init>(ConnectionImpl.java:456) ~[mysql-connector-java-8.0.21.jar!/:8.0.21]
        at com.mysql.cj.jdbc.ConnectionImpl.getInstance(ConnectionImpl.java:246) ~[mysql-connector-java-8.0.21.jar!/:8.0.21]
        at com.mysql.cj.jdbc.NonRegisteringDriver.connect(NonRegisteringDriver.java:197) ~[mysql-connector-java-8.0.21.jar!/:8.0.21]
        at com.zaxxer.hikari.util.DriverDataSource.getConnection(DriverDataSource.java:138) ~[HikariCP-3.4.5.jar!/:na]
        at com.zaxxer.hikari.pool.PoolBase.newConnection(PoolBase.java:358) ~[HikariCP-3.4.5.jar!/:na]
        at com.zaxxer.hikari.pool.PoolBase.newPoolEntry(PoolBase.java:206) ~[HikariCP-3.4.5.jar!/:na]
        at com.zaxxer.hikari.pool.HikariPool.createPoolEntry(HikariPool.java:477) ~[HikariCP-3.4.5.jar!/:na]
        at com.zaxxer.hikari.pool.HikariPool.checkFailFast(HikariPool.java:560) ~[HikariCP-3.4.5.jar!/:na]
        at com.zaxxer.hikari.pool.HikariPool.<init>(HikariPool.java:115) ~[HikariCP-3.4.5.jar!/:na]
        at com.zaxxer.hikari.HikariDataSource.getConnection(HikariDataSource.java:112) ~[HikariCP-3.4.5.jar!/:na]
        at org.springframework.jdbc.datasource.DataSourceUtils.fetchConnection(DataSourceUtils.java:158) ~[spring-jdbc-5.2.9.RELEASE.jar!/:5.2.9.RELEASE]
        at org.springframework.jdbc.datasource.DataSourceUtils.doGetConnection(DataSourceUtils.java:116) ~[spring-jdbc-5.2.9.RELEASE.jar!/:5.2.9.RELEASE]
        at org.springframework.jdbc.datasource.DataSourceUtils.getConnection(DataSourceUtils.java:79) ~[spring-jdbc-5.2.9.RELEASE.jar!/:5.2.9.RELEASE]
        ... 87 common frames omitted
Caused by: com.mysql.cj.exceptions.CJException: Access denied for user 'root'@'localhost' (using password: YES)
        at sun.reflect.NativeConstructorAccessorImpl.newInstance0(Native Method) ~[na:1.8.0_271]
        at sun.reflect.NativeConstructorAccessorImpl.newInstance(Unknown Source) ~[na:1.8.0_271]
        at sun.reflect.DelegatingConstructorAccessorImpl.newInstance(Unknown Source) ~[na:1.8.0_271]
        at java.lang.reflect.Constructor.newInstance(Unknown Source) ~[na:1.8.0_271]
        at com.mysql.cj.exceptions.ExceptionFactory.createException(ExceptionFactory.java:61) ~[mysql-connector-java-8.0.21.jar!/:8.0.21]
        at com.mysql.cj.exceptions.ExceptionFactory.createException(ExceptionFactory.java:105) ~[mysql-connector-java-8.0.21.jar!/:8.0.21]
        at com.mysql.cj.exceptions.ExceptionFactory.createException(ExceptionFactory.java:151) ~[mysql-connector-java-8.0.21.jar!/:8.0.21]
        at com.mysql.cj.exceptions.ExceptionFactory.createException(ExceptionFactory.java:129) ~[mysql-connector-java-8.0.21.jar!/:8.0.21]
        at com.mysql.cj.protocol.a.NativeProtocol.checkErrorMessage(NativeProtocol.java:786) ~[mysql-connector-java-8.0.21.jar!/:8.0.21]
        at com.mysql.cj.protocol.a.NativeProtocol.checkErrorMessage(NativeProtocol.java:711) ~[mysql-connector-java-8.0.21.jar!/:8.0.21]
        at com.mysql.cj.protocol.a.NativeProtocol.checkErrorMessage(NativeProtocol.java:679) ~[mysql-connector-java-8.0.21.jar!/:8.0.21]
        at com.mysql.cj.protocol.a.NativeProtocol.checkErrorMessage(NativeProtocol.java:128) ~[mysql-connector-java-8.0.21.jar!/:8.0.21]
        at com.mysql.cj.protocol.a.NativeAuthenticationProvider.proceedHandshakeWithPluggableAuthentication(NativeAuthenticationProvider.java:466) ~[mysql-connector-java-8.0.21.jar!/:8.0.21]
        at com.mysql.cj.protocol.a.NativeAuthenticationProvider.connect(NativeAuthenticationProvider.java:171) ~[mysql-connector-java-8.0.21.jar!/:8.0.21]
        at com.mysql.cj.protocol.a.NativeProtocol.connect(NativeProtocol.java:1342) ~[mysql-connector-java-8.0.21.jar!/:8.0.21]
        at com.mysql.cj.NativeSession.connect(NativeSession.java:157) ~[mysql-connector-java-8.0.21.jar!/:8.0.21]
        at com.mysql.cj.jdbc.ConnectionImpl.connectWithRetries(ConnectionImpl.java:850) ~[mysql-connector-java-8.0.21.jar!/:8.0.21]
        ... 101 common frames omitted

2020-12-19 01:25:26.417 ERROR 77840 --- [io-18111-exec-2] o.a.c.c.C.[.[.[/].[dispatcherServlet]    : Servlet.service() for servlet [dispatcherServlet] threw exception

com.github.xujiaji.mk.security.exception.SecurityException: 请求不存在！
        at com.github.xujiaji.mk.security.front.config.RbacAuthorityService.checkRequest(RbacAuthorityService.java:63) ~[mk-security-front-0.0.4.jar!/:0.0.4]
        at com.github.xujiaji.mk.security.front.config.RbacAuthorityService.hasPermission(RbacAuthorityService.java:33) ~[mk-security-front-0.0.4.jar!/:0.0.4]
        at sun.reflect.NativeMethodAccessorImpl.invoke0(Native Method) ~[na:1.8.0_271]
        at sun.reflect.NativeMethodAccessorImpl.invoke(Unknown Source) ~[na:1.8.0_271]
        at sun.reflect.DelegatingMethodAccessorImpl.invoke(Unknown Source) ~[na:1.8.0_271]
        at java.lang.reflect.Method.invoke(Unknown Source) ~[na:1.8.0_271]
        at org.springframework.expression.spel.support.ReflectiveMethodExecutor.execute(ReflectiveMethodExecutor.java:129) ~[spring-expression-5.2.9.RELEASE.jar!/:5.2.9.RELEASE]
        at org.springframework.expression.spel.ast.MethodReference.getValueInternal(MethodReference.java:139) ~[spring-expression-5.2.9.RELEASE.jar!/:5.2.9.RELEASE]
        at org.springframework.expression.spel.ast.MethodReference.access$000(MethodReference.java:55) ~[spring-expression-5.2.9.RELEASE.jar!/:5.2.9.RELEASE]
        at org.springframework.expression.spel.ast.MethodReference$MethodValueRef.getValue(MethodReference.java:387) ~[spring-expression-5.2.9.RELEASE.jar!/:5.2.9.RELEASE]
        at org.springframework.expression.spel.ast.CompoundExpression.getValueInternal(CompoundExpression.java:92) ~[spring-expression-5.2.9.RELEASE.jar!/:5.2.9.RELEASE]
        at org.springframework.expression.spel.ast.SpelNodeImpl.getTypedValue(SpelNodeImpl.java:117) ~[spring-expression-5.2.9.RELEASE.jar!/:5.2.9.RELEASE]
        at org.springframework.expression.spel.standard.SpelExpression.getValue(SpelExpression.java:308) ~[spring-expression-5.2.9.RELEASE.jar!/:5.2.9.RELEASE]
        at org.springframework.security.access.expression.ExpressionUtils.evaluateAsBoolean(ExpressionUtils.java:26) ~[spring-security-core-5.3.4.RELEASE.jar!/:5.3.4.RELEASE]
        at org.springframework.security.web.access.expression.WebExpressionVoter.vote(WebExpressionVoter.java:52) ~[spring-security-web-5.3.4.RELEASE.jar!/:5.3.4.RELEASE]
        at org.springframework.security.web.access.expression.WebExpressionVoter.vote(WebExpressionVoter.java:33) ~[spring-security-web-5.3.4.RELEASE.jar!/:5.3.4.RELEASE]
        at org.springframework.security.access.vote.AffirmativeBased.decide(AffirmativeBased.java:63) ~[spring-security-core-5.3.4.RELEASE.jar!/:5.3.4.RELEASE]
        at org.springframework.security.access.intercept.AbstractSecurityInterceptor.beforeInvocation(AbstractSecurityInterceptor.java:233) ~[spring-security-core-5.3.4.RELEASE.jar!/:5.3.4.RELEASE]
        at org.springframework.security.web.access.intercept.FilterSecurityInterceptor.invoke(FilterSecurityInterceptor.java:123) ~[spring-security-web-5.3.4.RELEASE.jar!/:5.3.4.RELEASE]
        at org.springframework.security.web.access.intercept.FilterSecurityInterceptor.doFilter(FilterSecurityInterceptor.java:90) ~[spring-security-web-5.3.4.RELEASE.jar!/:5.3.4.RELEASE]
        at org.springframework.security.web.FilterChainProxy$VirtualFilterChain.doFilter(FilterChainProxy.java:334) ~[spring-security-web-5.3.4.RELEASE.jar!/:5.3.4.RELEASE]
        at org.springframework.security.web.access.ExceptionTranslationFilter.doFilter(ExceptionTranslationFilter.java:118) ~[spring-security-web-5.3.4.RELEASE.jar!/:5.3.4.RELEASE]
        at org.springframework.security.web.FilterChainProxy$VirtualFilterChain.doFilter(FilterChainProxy.java:334) ~[spring-security-web-5.3.4.RELEASE.jar!/:5.3.4.RELEASE]
        at org.springframework.security.web.session.SessionManagementFilter.doFilter(SessionManagementFilter.java:137) ~[spring-security-web-5.3.4.RELEASE.jar!/:5.3.4.RELEASE]
        at org.springframework.security.web.FilterChainProxy$VirtualFilterChain.doFilter(FilterChainProxy.java:334) ~[spring-security-web-5.3.4.RELEASE.jar!/:5.3.4.RELEASE]
        at org.springframework.security.web.authentication.AnonymousAuthenticationFilter.doFilter(AnonymousAuthenticationFilter.java:111) ~[spring-security-web-5.3.4.RELEASE.jar!/:5.3.4.RELEASE]
        at org.springframework.security.web.FilterChainProxy$VirtualFilterChain.doFilter(FilterChainProxy.java:334) ~[spring-security-web-5.3.4.RELEASE.jar!/:5.3.4.RELEASE]
        at org.springframework.security.web.servletapi.SecurityContextHolderAwareRequestFilter.doFilter(SecurityContextHolderAwareRequestFilter.java:158) ~[spring-security-web-5.3.4.RELEASE.jar!/:5.3.4.RELEASE]
        at org.springframework.security.web.FilterChainProxy$VirtualFilterChain.doFilter(FilterChainProxy.java:334) ~[spring-security-web-5.3.4.RELEASE.jar!/:5.3.4.RELEASE]
        at org.springframework.security.web.savedrequest.RequestCacheAwareFilter.doFilter(RequestCacheAwareFilter.java:63) ~[spring-security-web-5.3.4.RELEASE.jar!/:5.3.4.RELEASE]
        at org.springframework.security.web.FilterChainProxy$VirtualFilterChain.doFilter(FilterChainProxy.java:334) ~[spring-security-web-5.3.4.RELEASE.jar!/:5.3.4.RELEASE]
        at org.springframework.web.filter.OncePerRequestFilter.doFilter(OncePerRequestFilter.java:103) ~[spring-web-5.2.9.RELEASE.jar!/:5.2.9.RELEASE]
        at org.springframework.security.web.FilterChainProxy$VirtualFilterChain.doFilter(FilterChainProxy.java:334) ~[spring-security-web-5.3.4.RELEASE.jar!/:5.3.4.RELEASE]
        at org.springframework.web.filter.OncePerRequestFilter.doFilter(OncePerRequestFilter.java:103) ~[spring-web-5.2.9.RELEASE.jar!/:5.2.9.RELEASE]
        at org.springframework.security.web.FilterChainProxy$VirtualFilterChain.doFilter(FilterChainProxy.java:334) ~[spring-security-web-5.3.4.RELEASE.jar!/:5.3.4.RELEASE]
        at org.springframework.web.filter.OncePerRequestFilter.doFilter(OncePerRequestFilter.java:103) ~[spring-web-5.2.9.RELEASE.jar!/:5.2.9.RELEASE]
        at org.springframework.security.web.FilterChainProxy$VirtualFilterChain.doFilter(FilterChainProxy.java:334) ~[spring-security-web-5.3.4.RELEASE.jar!/:5.3.4.RELEASE]
        at org.springframework.security.web.context.SecurityContextPersistenceFilter.doFilter(SecurityContextPersistenceFilter.java:105) ~[spring-security-web-5.3.4.RELEASE.jar!/:5.3.4.RELEASE]
        at org.springframework.security.web.FilterChainProxy$VirtualFilterChain.doFilter(FilterChainProxy.java:334) ~[spring-security-web-5.3.4.RELEASE.jar!/:5.3.4.RELEASE]
        at org.springframework.web.filter.OncePerRequestFilter.doFilter(OncePerRequestFilter.java:103) ~[spring-web-5.2.9.RELEASE.jar!/:5.2.9.RELEASE]
        at org.springframework.security.web.FilterChainProxy$VirtualFilterChain.doFilter(FilterChainProxy.java:334) ~[spring-security-web-5.3.4.RELEASE.jar!/:5.3.4.RELEASE]
        at org.springframework.security.web.FilterChainProxy.doFilterInternal(FilterChainProxy.java:215) ~[spring-security-web-5.3.4.RELEASE.jar!/:5.3.4.RELEASE]
        at org.springframework.security.web.FilterChainProxy.doFilter(FilterChainProxy.java:178) ~[spring-security-web-5.3.4.RELEASE.jar!/:5.3.4.RELEASE]
        at org.springframework.web.filter.DelegatingFilterProxy.invokeDelegate(DelegatingFilterProxy.java:358) ~[spring-web-5.2.9.RELEASE.jar!/:5.2.9.RELEASE]
        at org.springframework.web.filter.DelegatingFilterProxy.doFilter(DelegatingFilterProxy.java:271) ~[spring-web-5.2.9.RELEASE.jar!/:5.2.9.RELEASE]
        at org.apache.catalina.core.ApplicationFilterChain.internalDoFilter(ApplicationFilterChain.java:193) ~[tomcat-embed-core-9.0.38.jar!/:9.0.38]
        at org.apache.catalina.core.ApplicationFilterChain.doFilter(ApplicationFilterChain.java:166) ~[tomcat-embed-core-9.0.38.jar!/:9.0.38]
        at org.springframework.web.filter.RequestContextFilter.doFilterInternal(RequestContextFilter.java:100) ~[spring-web-5.2.9.RELEASE.jar!/:5.2.9.RELEASE]
        at org.springframework.web.filter.OncePerRequestFilter.doFilter(OncePerRequestFilter.java:119) ~[spring-web-5.2.9.RELEASE.jar!/:5.2.9.RELEASE]
        at org.apache.catalina.core.ApplicationFilterChain.internalDoFilter(ApplicationFilterChain.java:193) ~[tomcat-embed-core-9.0.38.jar!/:9.0.38]
        at org.apache.catalina.core.ApplicationFilterChain.doFilter(ApplicationFilterChain.java:166) ~[tomcat-embed-core-9.0.38.jar!/:9.0.38]
        at org.springframework.web.filter.OncePerRequestFilter.doFilter(OncePerRequestFilter.java:103) ~[spring-web-5.2.9.RELEASE.jar!/:5.2.9.RELEASE]
        at org.apache.catalina.core.ApplicationFilterChain.internalDoFilter(ApplicationFilterChain.java:193) ~[tomcat-embed-core-9.0.38.jar!/:9.0.38]
        at org.apache.catalina.core.ApplicationFilterChain.doFilter(ApplicationFilterChain.java:166) ~[tomcat-embed-core-9.0.38.jar!/:9.0.38]
        at org.springframework.web.filter.OncePerRequestFilter.doFilter(OncePerRequestFilter.java:103) ~[spring-web-5.2.9.RELEASE.jar!/:5.2.9.RELEASE]
        at org.apache.catalina.core.ApplicationFilterChain.internalDoFilter(ApplicationFilterChain.java:193) ~[tomcat-embed-core-9.0.38.jar!/:9.0.38]
        at org.apache.catalina.core.ApplicationFilterChain.doFilter(ApplicationFilterChain.java:166) ~[tomcat-embed-core-9.0.38.jar!/:9.0.38]
        at org.apache.catalina.core.ApplicationDispatcher.invoke(ApplicationDispatcher.java:712) [tomcat-embed-core-9.0.38.jar!/:9.0.38]
        at org.apache.catalina.core.ApplicationDispatcher.processRequest(ApplicationDispatcher.java:461) [tomcat-embed-core-9.0.38.jar!/:9.0.38]
        at org.apache.catalina.core.ApplicationDispatcher.doForward(ApplicationDispatcher.java:384) [tomcat-embed-core-9.0.38.jar!/:9.0.38]
        at org.apache.catalina.core.ApplicationDispatcher.forward(ApplicationDispatcher.java:312) [tomcat-embed-core-9.0.38.jar!/:9.0.38]
        at org.apache.catalina.core.StandardHostValve.custom(StandardHostValve.java:398) [tomcat-embed-core-9.0.38.jar!/:9.0.38]
        at org.apache.catalina.core.StandardHostValve.status(StandardHostValve.java:257) [tomcat-embed-core-9.0.38.jar!/:9.0.38]
        at org.apache.catalina.core.StandardHostValve.throwable(StandardHostValve.java:352) [tomcat-embed-core-9.0.38.jar!/:9.0.38]
        at org.apache.catalina.core.StandardHostValve.invoke(StandardHostValve.java:177) [tomcat-embed-core-9.0.38.jar!/:9.0.38]
        at org.apache.catalina.valves.ErrorReportValve.invoke(ErrorReportValve.java:92) [tomcat-embed-core-9.0.38.jar!/:9.0.38]
        at org.apache.catalina.core.StandardEngineValve.invoke(StandardEngineValve.java:78) [tomcat-embed-core-9.0.38.jar!/:9.0.38]
        at org.apache.catalina.connector.CoyoteAdapter.service(CoyoteAdapter.java:343) [tomcat-embed-core-9.0.38.jar!/:9.0.38]
        at org.apache.coyote.http11.Http11Processor.service(Http11Processor.java:374) [tomcat-embed-core-9.0.38.jar!/:9.0.38]
        at org.apache.coyote.AbstractProcessorLight.process(AbstractProcessorLight.java:65) [tomcat-embed-core-9.0.38.jar!/:9.0.38]
        at org.apache.coyote.AbstractProtocol$ConnectionHandler.process(AbstractProtocol.java:868) [tomcat-embed-core-9.0.38.jar!/:9.0.38]
        at org.apache.tomcat.util.net.NioEndpoint$SocketProcessor.doRun(NioEndpoint.java:1590) [tomcat-embed-core-9.0.38.jar!/:9.0.38]
        at org.apache.tomcat.util.net.SocketProcessorBase.run(SocketProcessorBase.java:49) [tomcat-embed-core-9.0.38.jar!/:9.0.38]
        at java.util.concurrent.ThreadPoolExecutor.runWorker(Unknown Source) [na:1.8.0_271]
        at java.util.concurrent.ThreadPoolExecutor$Worker.run(Unknown Source) [na:1.8.0_271]
        at org.apache.tomcat.util.threads.TaskThread$WrappingRunnable.run(TaskThread.java:61) [tomcat-embed-core-9.0.38.jar!/:9.0.38]
        at java.lang.Thread.run(Unknown Source) [na:1.8.0_271]

2020-12-19 01:25:26.417 ERROR 77840 --- [io-18111-exec-2] o.a.c.c.C.[Tomcat].[localhost]           : Exception Processing ErrorPage[errorCode=0, location=/error]

com.github.xujiaji.mk.security.exception.SecurityException: 请求不存在！
        at com.github.xujiaji.mk.security.front.config.RbacAuthorityService.checkRequest(RbacAuthorityService.java:63) ~[mk-security-front-0.0.4.jar!/:0.0.4]
        at com.github.xujiaji.mk.security.front.config.RbacAuthorityService.hasPermission(RbacAuthorityService.java:33) ~[mk-security-front-0.0.4.jar!/:0.0.4]
        at sun.reflect.NativeMethodAccessorImpl.invoke0(Native Method) ~[na:1.8.0_271]
        at sun.reflect.NativeMethodAccessorImpl.invoke(Unknown Source) ~[na:1.8.0_271]
        at sun.reflect.DelegatingMethodAccessorImpl.invoke(Unknown Source) ~[na:1.8.0_271]
        at java.lang.reflect.Method.invoke(Unknown Source) ~[na:1.8.0_271]
        at org.springframework.expression.spel.support.ReflectiveMethodExecutor.execute(ReflectiveMethodExecutor.java:129) ~[spring-expression-5.2.9.RELEASE.jar!/:5.2.9.RELEASE]
        at org.springframework.expression.spel.ast.MethodReference.getValueInternal(MethodReference.java:139) ~[spring-expression-5.2.9.RELEASE.jar!/:5.2.9.RELEASE]
        at org.springframework.expression.spel.ast.MethodReference.access$000(MethodReference.java:55) ~[spring-expression-5.2.9.RELEASE.jar!/:5.2.9.RELEASE]
        at org.springframework.expression.spel.ast.MethodReference$MethodValueRef.getValue(MethodReference.java:387) ~[spring-expression-5.2.9.RELEASE.jar!/:5.2.9.RELEASE]
        at org.springframework.expression.spel.ast.CompoundExpression.getValueInternal(CompoundExpression.java:92) ~[spring-expression-5.2.9.RELEASE.jar!/:5.2.9.RELEASE]
        at org.springframework.expression.spel.ast.SpelNodeImpl.getTypedValue(SpelNodeImpl.java:117) ~[spring-expression-5.2.9.RELEASE.jar!/:5.2.9.RELEASE]
        at org.springframework.expression.spel.standard.SpelExpression.getValue(SpelExpression.java:308) ~[spring-expression-5.2.9.RELEASE.jar!/:5.2.9.RELEASE]
        at org.springframework.security.access.expression.ExpressionUtils.evaluateAsBoolean(ExpressionUtils.java:26) ~[spring-security-core-5.3.4.RELEASE.jar!/:5.3.4.RELEASE]
        at org.springframework.security.web.access.expression.WebExpressionVoter.vote(WebExpressionVoter.java:52) ~[spring-security-web-5.3.4.RELEASE.jar!/:5.3.4.RELEASE]
        at org.springframework.security.web.access.expression.WebExpressionVoter.vote(WebExpressionVoter.java:33) ~[spring-security-web-5.3.4.RELEASE.jar!/:5.3.4.RELEASE]
        at org.springframework.security.access.vote.AffirmativeBased.decide(AffirmativeBased.java:63) ~[spring-security-core-5.3.4.RELEASE.jar!/:5.3.4.RELEASE]
        at org.springframework.security.access.intercept.AbstractSecurityInterceptor.beforeInvocation(AbstractSecurityInterceptor.java:233) ~[spring-security-core-5.3.4.RELEASE.jar!/:5.3.4.RELEASE]
        at org.springframework.security.web.access.intercept.FilterSecurityInterceptor.invoke(FilterSecurityInterceptor.java:123) ~[spring-security-web-5.3.4.RELEASE.jar!/:5.3.4.RELEASE]
        at org.springframework.security.web.access.intercept.FilterSecurityInterceptor.doFilter(FilterSecurityInterceptor.java:90) ~[spring-security-web-5.3.4.RELEASE.jar!/:5.3.4.RELEASE]
        at org.springframework.security.web.FilterChainProxy$VirtualFilterChain.doFilter(FilterChainProxy.java:334) ~[spring-security-web-5.3.4.RELEASE.jar!/:5.3.4.RELEASE]
        at org.springframework.security.web.access.ExceptionTranslationFilter.doFilter(ExceptionTranslationFilter.java:118) ~[spring-security-web-5.3.4.RELEASE.jar!/:5.3.4.RELEASE]
        at org.springframework.security.web.FilterChainProxy$VirtualFilterChain.doFilter(FilterChainProxy.java:334) ~[spring-security-web-5.3.4.RELEASE.jar!/:5.3.4.RELEASE]
        at org.springframework.security.web.session.SessionManagementFilter.doFilter(SessionManagementFilter.java:137) ~[spring-security-web-5.3.4.RELEASE.jar!/:5.3.4.RELEASE]
        at org.springframework.security.web.FilterChainProxy$VirtualFilterChain.doFilter(FilterChainProxy.java:334) ~[spring-security-web-5.3.4.RELEASE.jar!/:5.3.4.RELEASE]
        at org.springframework.security.web.authentication.AnonymousAuthenticationFilter.doFilter(AnonymousAuthenticationFilter.java:111) ~[spring-security-web-5.3.4.RELEASE.jar!/:5.3.4.RELEASE]
        at org.springframework.security.web.FilterChainProxy$VirtualFilterChain.doFilter(FilterChainProxy.java:334) ~[spring-security-web-5.3.4.RELEASE.jar!/:5.3.4.RELEASE]
        at org.springframework.security.web.servletapi.SecurityContextHolderAwareRequestFilter.doFilter(SecurityContextHolderAwareRequestFilter.java:158) ~[spring-security-web-5.3.4.RELEASE.jar!/:5.3.4.RELEASE]
        at org.springframework.security.web.FilterChainProxy$VirtualFilterChain.doFilter(FilterChainProxy.java:334) ~[spring-security-web-5.3.4.RELEASE.jar!/:5.3.4.RELEASE]
        at org.springframework.security.web.savedrequest.RequestCacheAwareFilter.doFilter(RequestCacheAwareFilter.java:63) ~[spring-security-web-5.3.4.RELEASE.jar!/:5.3.4.RELEASE]
        at org.springframework.security.web.FilterChainProxy$VirtualFilterChain.doFilter(FilterChainProxy.java:334) ~[spring-security-web-5.3.4.RELEASE.jar!/:5.3.4.RELEASE]
        at org.springframework.web.filter.OncePerRequestFilter.doFilter(OncePerRequestFilter.java:103) ~[spring-web-5.2.9.RELEASE.jar!/:5.2.9.RELEASE]
        at org.springframework.security.web.FilterChainProxy$VirtualFilterChain.doFilter(FilterChainProxy.java:334) ~[spring-security-web-5.3.4.RELEASE.jar!/:5.3.4.RELEASE]
        at org.springframework.web.filter.OncePerRequestFilter.doFilter(OncePerRequestFilter.java:103) ~[spring-web-5.2.9.RELEASE.jar!/:5.2.9.RELEASE]
        at org.springframework.security.web.FilterChainProxy$VirtualFilterChain.doFilter(FilterChainProxy.java:334) ~[spring-security-web-5.3.4.RELEASE.jar!/:5.3.4.RELEASE]
        at org.springframework.web.filter.OncePerRequestFilter.doFilter(OncePerRequestFilter.java:103) ~[spring-web-5.2.9.RELEASE.jar!/:5.2.9.RELEASE]
        at org.springframework.security.web.FilterChainProxy$VirtualFilterChain.doFilter(FilterChainProxy.java:334) ~[spring-security-web-5.3.4.RELEASE.jar!/:5.3.4.RELEASE]
        at org.springframework.security.web.context.SecurityContextPersistenceFilter.doFilter(SecurityContextPersistenceFilter.java:105) ~[spring-security-web-5.3.4.RELEASE.jar!/:5.3.4.RELEASE]
        at org.springframework.security.web.FilterChainProxy$VirtualFilterChain.doFilter(FilterChainProxy.java:334) ~[spring-security-web-5.3.4.RELEASE.jar!/:5.3.4.RELEASE]
        at org.springframework.web.filter.OncePerRequestFilter.doFilter(OncePerRequestFilter.java:103) ~[spring-web-5.2.9.RELEASE.jar!/:5.2.9.RELEASE]
        at org.springframework.security.web.FilterChainProxy$VirtualFilterChain.doFilter(FilterChainProxy.java:334) ~[spring-security-web-5.3.4.RELEASE.jar!/:5.3.4.RELEASE]
        at org.springframework.security.web.FilterChainProxy.doFilterInternal(FilterChainProxy.java:215) ~[spring-security-web-5.3.4.RELEASE.jar!/:5.3.4.RELEASE]
        at org.springframework.security.web.FilterChainProxy.doFilter(FilterChainProxy.java:178) ~[spring-security-web-5.3.4.RELEASE.jar!/:5.3.4.RELEASE]
        at org.springframework.web.filter.DelegatingFilterProxy.invokeDelegate(DelegatingFilterProxy.java:358) ~[spring-web-5.2.9.RELEASE.jar!/:5.2.9.RELEASE]
        at org.springframework.web.filter.DelegatingFilterProxy.doFilter(DelegatingFilterProxy.java:271) ~[spring-web-5.2.9.RELEASE.jar!/:5.2.9.RELEASE]
        at org.apache.catalina.core.ApplicationFilterChain.internalDoFilter(ApplicationFilterChain.java:193) ~[tomcat-embed-core-9.0.38.jar!/:9.0.38]
        at org.apache.catalina.core.ApplicationFilterChain.doFilter(ApplicationFilterChain.java:166) ~[tomcat-embed-core-9.0.38.jar!/:9.0.38]
        at org.springframework.web.filter.RequestContextFilter.doFilterInternal(RequestContextFilter.java:100) ~[spring-web-5.2.9.RELEASE.jar!/:5.2.9.RELEASE]
        at org.springframework.web.filter.OncePerRequestFilter.doFilter(OncePerRequestFilter.java:119) ~[spring-web-5.2.9.RELEASE.jar!/:5.2.9.RELEASE]
        at org.apache.catalina.core.ApplicationFilterChain.internalDoFilter(ApplicationFilterChain.java:193) ~[tomcat-embed-core-9.0.38.jar!/:9.0.38]
        at org.apache.catalina.core.ApplicationFilterChain.doFilter(ApplicationFilterChain.java:166) ~[tomcat-embed-core-9.0.38.jar!/:9.0.38]
        at org.springframework.web.filter.OncePerRequestFilter.doFilter(OncePerRequestFilter.java:103) ~[spring-web-5.2.9.RELEASE.jar!/:5.2.9.RELEASE]
        at org.apache.catalina.core.ApplicationFilterChain.internalDoFilter(ApplicationFilterChain.java:193) ~[tomcat-embed-core-9.0.38.jar!/:9.0.38]
        at org.apache.catalina.core.ApplicationFilterChain.doFilter(ApplicationFilterChain.java:166) ~[tomcat-embed-core-9.0.38.jar!/:9.0.38]
        at org.springframework.web.filter.OncePerRequestFilter.doFilter(OncePerRequestFilter.java:103) ~[spring-web-5.2.9.RELEASE.jar!/:5.2.9.RELEASE]
        at org.apache.catalina.core.ApplicationFilterChain.internalDoFilter(ApplicationFilterChain.java:193) ~[tomcat-embed-core-9.0.38.jar!/:9.0.38]
        at org.apache.catalina.core.ApplicationFilterChain.doFilter(ApplicationFilterChain.java:166) ~[tomcat-embed-core-9.0.38.jar!/:9.0.38]
        at org.apache.catalina.core.ApplicationDispatcher.invoke(ApplicationDispatcher.java:712) ~[tomcat-embed-core-9.0.38.jar!/:9.0.38]
        at org.apache.catalina.core.ApplicationDispatcher.processRequest(ApplicationDispatcher.java:461) ~[tomcat-embed-core-9.0.38.jar!/:9.0.38]
        at org.apache.catalina.core.ApplicationDispatcher.doForward(ApplicationDispatcher.java:384) ~[tomcat-embed-core-9.0.38.jar!/:9.0.38]
        at org.apache.catalina.core.ApplicationDispatcher.forward(ApplicationDispatcher.java:312) ~[tomcat-embed-core-9.0.38.jar!/:9.0.38]
        at org.apache.catalina.core.StandardHostValve.custom(StandardHostValve.java:398) [tomcat-embed-core-9.0.38.jar!/:9.0.38]
        at org.apache.catalina.core.StandardHostValve.status(StandardHostValve.java:257) [tomcat-embed-core-9.0.38.jar!/:9.0.38]
        at org.apache.catalina.core.StandardHostValve.throwable(StandardHostValve.java:352) [tomcat-embed-core-9.0.38.jar!/:9.0.38]
        at org.apache.catalina.core.StandardHostValve.invoke(StandardHostValve.java:177) [tomcat-embed-core-9.0.38.jar!/:9.0.38]
        at org.apache.catalina.valves.ErrorReportValve.invoke(ErrorReportValve.java:92) [tomcat-embed-core-9.0.38.jar!/:9.0.38]
        at org.apache.catalina.core.StandardEngineValve.invoke(StandardEngineValve.java:78) [tomcat-embed-core-9.0.38.jar!/:9.0.38]
        at org.apache.catalina.connector.CoyoteAdapter.service(CoyoteAdapter.java:343) [tomcat-embed-core-9.0.38.jar!/:9.0.38]
        at org.apache.coyote.http11.Http11Processor.service(Http11Processor.java:374) [tomcat-embed-core-9.0.38.jar!/:9.0.38]
        at org.apache.coyote.AbstractProcessorLight.process(AbstractProcessorLight.java:65) [tomcat-embed-core-9.0.38.jar!/:9.0.38]
        at org.apache.coyote.AbstractProtocol$ConnectionHandler.process(AbstractProtocol.java:868) [tomcat-embed-core-9.0.38.jar!/:9.0.38]
        at org.apache.tomcat.util.net.NioEndpoint$SocketProcessor.doRun(NioEndpoint.java:1590) [tomcat-embed-core-9.0.38.jar!/:9.0.38]
        at org.apache.tomcat.util.net.SocketProcessorBase.run(SocketProcessorBase.java:49) [tomcat-embed-core-9.0.38.jar!/:9.0.38]
        at java.util.concurrent.ThreadPoolExecutor.runWorker(Unknown Source) [na:1.8.0_271]
        at java.util.concurrent.ThreadPoolExecutor$Worker.run(Unknown Source) [na:1.8.0_271]
        at org.apache.tomcat.util.threads.TaskThread$WrappingRunnable.run(TaskThread.java:61) [tomcat-embed-core-9.0.38.jar!/:9.0.38]
        at java.lang.Thread.run(Unknown Source) [na:1.8.0_271]

